2014-10-18 16:05:38 Notice: Notice (8): Undefined variable: resultset in [/home/content/28/8720628/html/digimetrikcom/app/View/Users/admin_add_user.ctp, line 18]
Trace:
include - APP/View/Users/admin_add_user.ctp, line 18
View::_evaluate() - CORE/Cake/View/View.php, line 948
View::_render() - CORE/Cake/View/View.php, line 910
View::render() - CORE/Cake/View/View.php, line 471
Controller::render() - CORE/Cake/Controller/Controller.php, line 954
Dispatcher::_invoke() - CORE/Cake/Routing/Dispatcher.php, line 198
Dispatcher::dispatch() - CORE/Cake/Routing/Dispatcher.php, line 165
[main] - APP/webroot/index.php, line 115

2014-10-18 16:06:15 Notice: Notice (8): Undefined variable: resultset in [/home/content/28/8720628/html/digimetrikcom/app/View/Users/admin_add_user.ctp, line 18]
Trace:
include - APP/View/Users/admin_add_user.ctp, line 18
View::_evaluate() - CORE/Cake/View/View.php, line 948
View::_render() - CORE/Cake/View/View.php, line 910
View::render() - CORE/Cake/View/View.php, line 471
Controller::render() - CORE/Cake/Controller/Controller.php, line 954
Dispatcher::_invoke() - CORE/Cake/Routing/Dispatcher.php, line 198
Dispatcher::dispatch() - CORE/Cake/Routing/Dispatcher.php, line 165
[main] - APP/webroot/index.php, line 115

2014-10-18 16:08:19 Notice: Notice (8): Undefined variable: all_locations in [/home/content/28/8720628/html/digimetrikcom/app/View/Elements/home_header.ctp, line 255]
Trace:
include - APP/View/Elements/home_header.ctp, line 255
View::_evaluate() - CORE/Cake/View/View.php, line 948
View::_render() - CORE/Cake/View/View.php, line 910
View::_renderElement() - CORE/Cake/View/View.php, line 1213
View::element() - CORE/Cake/View/View.php, line 418
include - APP/View/Layouts/default.ctp, line 51
View::_evaluate() - CORE/Cake/View/View.php, line 948
View::_render() - CORE/Cake/View/View.php, line 910
View::renderLayout() - CORE/Cake/View/View.php, line 542
View::render() - CORE/Cake/View/View.php, line 479
Controller::render() - CORE/Cake/Controller/Controller.php, line 954
ExceptionRenderer::_outputMessage() - CORE/Cake/Error/ExceptionRenderer.php, line 278
ExceptionRenderer::error400() - CORE/Cake/Error/ExceptionRenderer.php, line 222
ExceptionRenderer::render() - CORE/Cake/Error/ExceptionRenderer.php, line 176
ErrorHandler::handleException() - CORE/Cake/Error/ErrorHandler.php, line 119
[main] - [internal], line ??

2014-10-18 16:08:32 Notice: Notice (8): Undefined variable: all_locations in [/home/content/28/8720628/html/digimetrikcom/app/View/Elements/home_header.ctp, line 255]
Trace:
include - APP/View/Elements/home_header.ctp, line 255
View::_evaluate() - CORE/Cake/View/View.php, line 948
View::_render() - CORE/Cake/View/View.php, line 910
View::_renderElement() - CORE/Cake/View/View.php, line 1213
View::element() - CORE/Cake/View/View.php, line 418
include - APP/View/Layouts/default.ctp, line 51
View::_evaluate() - CORE/Cake/View/View.php, line 948
View::_render() - CORE/Cake/View/View.php, line 910
View::renderLayout() - CORE/Cake/View/View.php, line 542
View::render() - CORE/Cake/View/View.php, line 479
Controller::render() - CORE/Cake/Controller/Controller.php, line 954
ExceptionRenderer::_outputMessage() - CORE/Cake/Error/ExceptionRenderer.php, line 278
ExceptionRenderer::error400() - CORE/Cake/Error/ExceptionRenderer.php, line 222
ExceptionRenderer::render() - CORE/Cake/Error/ExceptionRenderer.php, line 176
ErrorHandler::handleException() - CORE/Cake/Error/ErrorHandler.php, line 119
[main] - [internal], line ??

2014-10-18 16:08:50 Notice: Notice (8): Undefined variable: all_locations in [/home/content/28/8720628/html/digimetrikcom/app/View/Elements/home_header.ctp, line 255]
Trace:
include - APP/View/Elements/home_header.ctp, line 255
View::_evaluate() - CORE/Cake/View/View.php, line 948
View::_render() - CORE/Cake/View/View.php, line 910
View::_renderElement() - CORE/Cake/View/View.php, line 1213
View::element() - CORE/Cake/View/View.php, line 418
include - APP/View/Layouts/default.ctp, line 51
View::_evaluate() - CORE/Cake/View/View.php, line 948
View::_render() - CORE/Cake/View/View.php, line 910
View::renderLayout() - CORE/Cake/View/View.php, line 542
View::render() - CORE/Cake/View/View.php, line 479
Controller::render() - CORE/Cake/Controller/Controller.php, line 954
ExceptionRenderer::_outputMessage() - CORE/Cake/Error/ExceptionRenderer.php, line 278
ExceptionRenderer::error400() - CORE/Cake/Error/ExceptionRenderer.php, line 222
ExceptionRenderer::render() - CORE/Cake/Error/ExceptionRenderer.php, line 176
ErrorHandler::handleException() - CORE/Cake/Error/ErrorHandler.php, line 119
[main] - [internal], line ??

